This is XeTeX, Version 3.14159265-2.6-0.999991 (TeX Live 2019) (preloaded format=xelatex 2019.6.23)  24 JUN 2019 05:06
entering extended mode
 restricted \write18 enabled.
 %&-line parsing enabled.
**adamuv_zpevnik_tisk.tex
(./adamuv_zpevnik_tisk.tex
LaTeX2e <2018-12-01>
(/opt/texlive/2019/texmf-dist/tex/latex/base/article.cls
Document Class: article 2018/09/03 v1.4i Standard LaTeX document class
(/opt/texlive/2019/texmf-dist/tex/latex/base/size10.clo
File: size10.clo 2018/09/03 v1.4i Standard LaTeX file (size option)
)
\c@part=\count80
\c@section=\count81
\c@subsection=\count82
\c@subsubsection=\count83
\c@paragraph=\count84
\c@subparagraph=\count85
\c@figure=\count86
\c@table=\count87
\abovecaptionskip=\skip41
\belowcaptionskip=\skip42
\bibindent=\dimen102
) (./adamuv_zpevnik.sty

LaTeX Warning: You have requested package `adamuv_zpevnik',
               but the package provides `zpevnik'.

Package: zpevnik 2019/06/08
(/opt/texlive/2019/texmf-dist/tex/latex/base/inputenc.sty
Package: inputenc 2018/08/11 v1.3c Input encoding file
\inpenc@prehook=\toks14
\inpenc@posthook=\toks15


Package inputenc Warning: inputenc package ignored with utf8 based engines.

) (/opt/texlive/2019/texmf-dist/tex/generic/babel/babel.sty
Package: babel 2019/06/03 3.32 The Babel package

(/opt/texlive/2019/texmf-dist/tex/generic/babel/switch.def
File: switch.def 2019/06/03 3.32 Babel switching mechanism
)
(/opt/texlive/2019/texmf-dist/tex/generic/babel-czech/czech.ldf
Language: czech 2008/07/06 v3.1a Czech support from the babel system

(/opt/texlive/2019/texmf-dist/tex/generic/babel/babel.def
File: babel.def 2019/06/03 3.32 Babel common definitions
\babel@savecnt=\count88
\U@D=\dimen103

(/opt/texlive/2019/texmf-dist/tex/generic/babel/xebabel.def
(/opt/texlive/2019/texmf-dist/tex/generic/babel/txtbabel.def))
\bbl@dirlevel=\count89
)
Package babel Info: Making " an active character on input line 172.
\cs@wordlen=\count90
Package babel Info: Making - an active character on input line 226.
))
(/opt/texlive/2019/texmf-dist/tex/latex/base/fontenc.sty
Package: fontenc 2018/08/11 v2.0j Standard LaTeX package

(/opt/texlive/2019/texmf-dist/tex/latex/base/t1enc.def
File: t1enc.def 2018/08/11 v2.0j Standard LaTeX file
LaTeX Font Info:    Redeclaring font encoding T1 on input line 48.
)
LaTeX Font Info:    Try loading font information for T1+lmr on input line 105.

(/opt/texlive/2019/texmf-dist/tex/latex/lm/t1lmr.fd
File: t1lmr.fd 2009/10/30 v1.6 Font defs for Latin Modern
))
(/opt/texlive/2019/texmf-dist/tex/latex/incgraph/incgraph.sty
Package: incgraph 2015/03/12 version 1.12 LaTeX special graphics inclusion

(/opt/texlive/2019/texmf-dist/tex/latex/pgf/utilities/pgfkeys.sty
(/opt/texlive/2019/texmf-dist/tex/generic/pgf/utilities/pgfkeys.code.tex
\pgfkeys@pathtoks=\toks16
\pgfkeys@temptoks=\toks17

(/opt/texlive/2019/texmf-dist/tex/generic/pgf/utilities/pgfkeysfiltered.code.te
x
\pgfkeys@tmptoks=\toks18
))) (/opt/texlive/2019/texmf-dist/tex/latex/pgf/basiclayer/pgf.sty
(/opt/texlive/2019/texmf-dist/tex/latex/pgf/utilities/pgfrcs.sty
(/opt/texlive/2019/texmf-dist/tex/generic/pgf/utilities/pgfutil-common.tex
\pgfutil@everybye=\toks19
\pgfutil@tempdima=\dimen104
\pgfutil@tempdimb=\dimen105

(/opt/texlive/2019/texmf-dist/tex/generic/pgf/utilities/pgfutil-common-lists.te
x)) (/opt/texlive/2019/texmf-dist/tex/generic/pgf/utilities/pgfutil-latex.def
\pgfutil@abb=\box27

(/opt/texlive/2019/texmf-dist/tex/latex/ms/everyshi.sty
Package: everyshi 2001/05/15 v3.00 EveryShipout Package (MS)
))
(/opt/texlive/2019/texmf-dist/tex/generic/pgf/utilities/pgfrcs.code.tex
(/opt/texlive/2019/texmf-dist/tex/generic/pgf/pgf.revision.tex)
Package: pgfrcs 2019/05/09 v3.1.3 (3.1.3)
))
Package: pgf 2019/05/09 v3.1.3 (3.1.3)

(/opt/texlive/2019/texmf-dist/tex/latex/pgf/basiclayer/pgfcore.sty
(/opt/texlive/2019/texmf-dist/tex/latex/graphics/graphicx.sty
Package: graphicx 2017/06/01 v1.1a Enhanced LaTeX Graphics (DPC,SPQR)

(/opt/texlive/2019/texmf-dist/tex/latex/graphics/keyval.sty
Package: keyval 2014/10/28 v1.15 key=value parser (DPC)
\KV@toks@=\toks20
)
(/opt/texlive/2019/texmf-dist/tex/latex/graphics/graphics.sty
Package: graphics 2017/06/25 v1.2c Standard LaTeX Graphics (DPC,SPQR)

(/opt/texlive/2019/texmf-dist/tex/latex/graphics/trig.sty
Package: trig 2016/01/03 v1.10 sin cos tan (DPC)
)
(/opt/texlive/2019/texmf-dist/tex/latex/graphics-cfg/graphics.cfg
File: graphics.cfg 2016/06/04 v1.11 sample graphics configuration
)
Package graphics Info: Driver file: xetex.def on input line 99.

(/opt/texlive/2019/texmf-dist/tex/latex/graphics-def/xetex.def
File: xetex.def 2017/06/24 v5.0h Graphics/color driver for xetex
))
\Gin@req@height=\dimen106
\Gin@req@width=\dimen107
)
(/opt/texlive/2019/texmf-dist/tex/latex/pgf/systemlayer/pgfsys.sty
(/opt/texlive/2019/texmf-dist/tex/generic/pgf/systemlayer/pgfsys.code.tex
Package: pgfsys 2019/05/09 v3.1.3 (3.1.3)

(/opt/texlive/2019/texmf-dist/tex/generic/pgf/utilities/pgfkeys.code.tex)
\pgf@x=\dimen108
\pgf@y=\dimen109
\pgf@xa=\dimen110
\pgf@ya=\dimen111
\pgf@xb=\dimen112
\pgf@yb=\dimen113
\pgf@xc=\dimen114
\pgf@yc=\dimen115
\pgf@xd=\dimen116
\pgf@yd=\dimen117
\w@pgf@writea=\write3
\r@pgf@reada=\read1
\c@pgf@counta=\count91
\c@pgf@countb=\count92
\c@pgf@countc=\count93
\c@pgf@countd=\count94
\t@pgf@toka=\toks21
\t@pgf@tokb=\toks22
\t@pgf@tokc=\toks23
\pgf@sys@id@count=\count95

(/opt/texlive/2019/texmf-dist/tex/generic/pgf/systemlayer/pgf.cfg
File: pgf.cfg 2019/05/09 v3.1.3 (3.1.3)
)
Driver file for pgf: pgfsys-xetex.def

(/opt/texlive/2019/texmf-dist/tex/generic/pgf/systemlayer/pgfsys-xetex.def
File: pgfsys-xetex.def 2019/05/09 v3.1.3 (3.1.3)

(/opt/texlive/2019/texmf-dist/tex/generic/pgf/systemlayer/pgfsys-dvipdfmx.def
File: pgfsys-dvipdfmx.def 2019/05/09 v3.1.3 (3.1.3)

(/opt/texlive/2019/texmf-dist/tex/generic/pgf/systemlayer/pgfsys-common-pdf.def
File: pgfsys-common-pdf.def 2019/05/09 v3.1.3 (3.1.3)
)
\pgfsys@objnum=\count96
)))
(/opt/texlive/2019/texmf-dist/tex/generic/pgf/systemlayer/pgfsyssoftpath.code.t
ex
File: pgfsyssoftpath.code.tex 2019/05/09 v3.1.3 (3.1.3)
\pgfsyssoftpath@smallbuffer@items=\count97
\pgfsyssoftpath@bigbuffer@items=\count98
)
(/opt/texlive/2019/texmf-dist/tex/generic/pgf/systemlayer/pgfsysprotocol.code.t
ex
File: pgfsysprotocol.code.tex 2019/05/09 v3.1.3 (3.1.3)
)) (/opt/texlive/2019/texmf-dist/tex/latex/xcolor/xcolor.sty
Package: xcolor 2016/05/11 v2.12 LaTeX color extensions (UK)

(/opt/texlive/2019/texmf-dist/tex/latex/graphics-cfg/color.cfg
File: color.cfg 2016/01/02 v1.6 sample color configuration
)
Package xcolor Info: Driver file: xetex.def on input line 225.
Package xcolor Info: Model `cmy' substituted by `cmy0' on input line 1348.
Package xcolor Info: Model `RGB' extended on input line 1364.
Package xcolor Info: Model `HTML' substituted by `rgb' on input line 1366.
Package xcolor Info: Model `Hsb' substituted by `hsb' on input line 1367.
Package xcolor Info: Model `tHsb' substituted by `hsb' on input line 1368.
Package xcolor Info: Model `HSB' substituted by `hsb' on input line 1369.
Package xcolor Info: Model `Gray' substituted by `gray' on input line 1370.
Package xcolor Info: Model `wave' substituted by `hsb' on input line 1371.
)
(/opt/texlive/2019/texmf-dist/tex/generic/pgf/basiclayer/pgfcore.code.tex
Package: pgfcore 2019/05/09 v3.1.3 (3.1.3)

(/opt/texlive/2019/texmf-dist/tex/generic/pgf/math/pgfmath.code.tex
(/opt/texlive/2019/texmf-dist/tex/generic/pgf/math/pgfmathcalc.code.tex
(/opt/texlive/2019/texmf-dist/tex/generic/pgf/math/pgfmathutil.code.tex)
(/opt/texlive/2019/texmf-dist/tex/generic/pgf/math/pgfmathparser.code.tex
\pgfmath@dimen=\dimen118
\pgfmath@count=\count99
\pgfmath@box=\box28
\pgfmath@toks=\toks24
\pgfmath@stack@operand=\toks25
\pgfmath@stack@operation=\toks26
)
(/opt/texlive/2019/texmf-dist/tex/generic/pgf/math/pgfmathfunctions.code.tex
(/opt/texlive/2019/texmf-dist/tex/generic/pgf/math/pgfmathfunctions.basic.code.
tex)
(/opt/texlive/2019/texmf-dist/tex/generic/pgf/math/pgfmathfunctions.trigonometr
ic.code.tex)
(/opt/texlive/2019/texmf-dist/tex/generic/pgf/math/pgfmathfunctions.random.code
.tex)
(/opt/texlive/2019/texmf-dist/tex/generic/pgf/math/pgfmathfunctions.comparison.
code.tex)
(/opt/texlive/2019/texmf-dist/tex/generic/pgf/math/pgfmathfunctions.base.code.t
ex)
(/opt/texlive/2019/texmf-dist/tex/generic/pgf/math/pgfmathfunctions.round.code.
tex)
(/opt/texlive/2019/texmf-dist/tex/generic/pgf/math/pgfmathfunctions.misc.code.t
ex)
(/opt/texlive/2019/texmf-dist/tex/generic/pgf/math/pgfmathfunctions.integerarit
hmetics.code.tex)))
(/opt/texlive/2019/texmf-dist/tex/generic/pgf/math/pgfmathfloat.code.tex
\c@pgfmathroundto@lastzeros=\count100
))
(/opt/texlive/2019/texmf-dist/tex/generic/pgf/math/pgfint.code.tex)
(/opt/texlive/2019/texmf-dist/tex/generic/pgf/basiclayer/pgfcorepoints.code.tex
File: pgfcorepoints.code.tex 2019/05/09 v3.1.3 (3.1.3)
\pgf@picminx=\dimen119
\pgf@picmaxx=\dimen120
\pgf@picminy=\dimen121
\pgf@picmaxy=\dimen122
\pgf@pathminx=\dimen123
\pgf@pathmaxx=\dimen124
\pgf@pathminy=\dimen125
\pgf@pathmaxy=\dimen126
\pgf@xx=\dimen127
\pgf@xy=\dimen128
\pgf@yx=\dimen129
\pgf@yy=\dimen130
\pgf@zx=\dimen131
\pgf@zy=\dimen132
)
(/opt/texlive/2019/texmf-dist/tex/generic/pgf/basiclayer/pgfcorepathconstruct.c
ode.tex
File: pgfcorepathconstruct.code.tex 2019/05/09 v3.1.3 (3.1.3)
\pgf@path@lastx=\dimen133
\pgf@path@lasty=\dimen134
)
(/opt/texlive/2019/texmf-dist/tex/generic/pgf/basiclayer/pgfcorepathusage.code.
tex
File: pgfcorepathusage.code.tex 2019/05/09 v3.1.3 (3.1.3)
\pgf@shorten@end@additional=\dimen135
\pgf@shorten@start@additional=\dimen136
)
(/opt/texlive/2019/texmf-dist/tex/generic/pgf/basiclayer/pgfcorescopes.code.tex
File: pgfcorescopes.code.tex 2019/05/09 v3.1.3 (3.1.3)
\pgfpic=\box29
\pgf@hbox=\box30
\pgf@layerbox@main=\box31
\pgf@picture@serial@count=\count101
)
(/opt/texlive/2019/texmf-dist/tex/generic/pgf/basiclayer/pgfcoregraphicstate.co
de.tex
File: pgfcoregraphicstate.code.tex 2019/05/09 v3.1.3 (3.1.3)
\pgflinewidth=\dimen137
)
(/opt/texlive/2019/texmf-dist/tex/generic/pgf/basiclayer/pgfcoretransformations
.code.tex
File: pgfcoretransformations.code.tex 2019/05/09 v3.1.3 (3.1.3)
\pgf@pt@x=\dimen138
\pgf@pt@y=\dimen139
\pgf@pt@temp=\dimen140
)
(/opt/texlive/2019/texmf-dist/tex/generic/pgf/basiclayer/pgfcorequick.code.tex
File: pgfcorequick.code.tex 2019/05/09 v3.1.3 (3.1.3)
)
(/opt/texlive/2019/texmf-dist/tex/generic/pgf/basiclayer/pgfcoreobjects.code.te
x
File: pgfcoreobjects.code.tex 2019/05/09 v3.1.3 (3.1.3)
)
(/opt/texlive/2019/texmf-dist/tex/generic/pgf/basiclayer/pgfcorepathprocessing.
code.tex
File: pgfcorepathprocessing.code.tex 2019/05/09 v3.1.3 (3.1.3)
)
(/opt/texlive/2019/texmf-dist/tex/generic/pgf/basiclayer/pgfcorearrows.code.tex
File: pgfcorearrows.code.tex 2019/05/09 v3.1.3 (3.1.3)
\pgfarrowsep=\dimen141
)
(/opt/texlive/2019/texmf-dist/tex/generic/pgf/basiclayer/pgfcoreshade.code.tex
File: pgfcoreshade.code.tex 2019/05/09 v3.1.3 (3.1.3)
\pgf@max=\dimen142
\pgf@sys@shading@range@num=\count102
\pgf@shadingcount=\count103
) (/opt/texlive/2019/texmf-dist/tex/generic/pgf/basiclayer/pgfcoreimage.code.te
x
File: pgfcoreimage.code.tex 2019/05/09 v3.1.3 (3.1.3)

(/opt/texlive/2019/texmf-dist/tex/generic/pgf/basiclayer/pgfcoreexternal.code.t
ex
File: pgfcoreexternal.code.tex 2019/05/09 v3.1.3 (3.1.3)
\pgfexternal@startupbox=\box32
))
(/opt/texlive/2019/texmf-dist/tex/generic/pgf/basiclayer/pgfcorelayers.code.tex
File: pgfcorelayers.code.tex 2019/05/09 v3.1.3 (3.1.3)
)
(/opt/texlive/2019/texmf-dist/tex/generic/pgf/basiclayer/pgfcoretransparency.co
de.tex
File: pgfcoretransparency.code.tex 2019/05/09 v3.1.3 (3.1.3)
)
(/opt/texlive/2019/texmf-dist/tex/generic/pgf/basiclayer/pgfcorepatterns.code.t
ex
File: pgfcorepatterns.code.tex 2019/05/09 v3.1.3 (3.1.3)
)
(/opt/texlive/2019/texmf-dist/tex/generic/pgf/basiclayer/pgfcorerdf.code.tex
File: pgfcorerdf.code.tex 2019/05/09 v3.1.3 (3.1.3)
))) (/opt/texlive/2019/texmf-dist/tex/generic/pgf/modules/pgfmoduleshapes.code.
tex
File: pgfmoduleshapes.code.tex 2019/05/09 v3.1.3 (3.1.3)
\pgfnodeparttextbox=\box33
) (/opt/texlive/2019/texmf-dist/tex/generic/pgf/modules/pgfmoduleplot.code.tex
File: pgfmoduleplot.code.tex 2019/05/09 v3.1.3 (3.1.3)
)
(/opt/texlive/2019/texmf-dist/tex/latex/pgf/compatibility/pgfcomp-version-0-65.
sty
Package: pgfcomp-version-0-65 2019/05/09 v3.1.3 (3.1.3)
\pgf@nodesepstart=\dimen143
\pgf@nodesepend=\dimen144
)
(/opt/texlive/2019/texmf-dist/tex/latex/pgf/compatibility/pgfcomp-version-1-18.
sty
Package: pgfcomp-version-1-18 2019/05/09 v3.1.3 (3.1.3)
)) (/opt/texlive/2019/texmf-dist/tex/latex/pgf/utilities/pgffor.sty
(/opt/texlive/2019/texmf-dist/tex/latex/pgf/math/pgfmath.sty
(/opt/texlive/2019/texmf-dist/tex/generic/pgf/math/pgfmath.code.tex))
(/opt/texlive/2019/texmf-dist/tex/generic/pgf/utilities/pgffor.code.tex
Package: pgffor 2019/05/09 v3.1.3 (3.1.3)

(/opt/texlive/2019/texmf-dist/tex/generic/pgf/math/pgfmath.code.tex)
\pgffor@iter=\dimen145
\pgffor@skip=\dimen146
\pgffor@stack=\toks27
\pgffor@toks=\toks28
))
(/opt/texlive/2019/texmf-dist/tex/latex/oberdiek/bookmark.sty
Package: bookmark 2016/05/17 v1.26 PDF bookmarks (HO)

(/opt/texlive/2019/texmf-dist/tex/generic/oberdiek/pdfescape.sty
Package: pdfescape 2016/05/16 v1.14 Implements pdfTeX's escape features (HO)

(/opt/texlive/2019/texmf-dist/tex/generic/oberdiek/ltxcmds.sty
Package: ltxcmds 2016/05/16 v1.23 LaTeX kernel commands for general use (HO)
)
(/opt/texlive/2019/texmf-dist/tex/generic/oberdiek/pdftexcmds.sty
Package: pdftexcmds 2018/09/10 v0.29 Utility functions of pdfTeX for LuaTeX (HO
)

(/opt/texlive/2019/texmf-dist/tex/generic/oberdiek/infwarerr.sty
Package: infwarerr 2016/05/16 v1.4 Providing info/warning/error messages (HO)
)
(/opt/texlive/2019/texmf-dist/tex/generic/oberdiek/ifluatex.sty
Package: ifluatex 2016/05/16 v1.4 Provides the ifluatex switch (HO)
Package ifluatex Info: LuaTeX not detected.
)
(/opt/texlive/2019/texmf-dist/tex/generic/oberdiek/ifpdf.sty
Package: ifpdf 2018/09/07 v3.3 Provides the ifpdf switch
)
Package pdftexcmds Info: LuaTeX not detected.
Package pdftexcmds Info: pdfTeX >= 1.30 not detected.
Package pdftexcmds Info: \pdf@primitive is available.
Package pdftexcmds Info: \pdf@ifprimitive is available.
Package pdftexcmds Info: \pdfdraftmode not found.
))
(/opt/texlive/2019/texmf-dist/tex/generic/ifxetex/ifxetex.sty
Package: ifxetex 2010/09/12 v0.6 Provides ifxetex conditional
)
(/opt/texlive/2019/texmf-dist/tex/generic/oberdiek/ifvtex.sty
Package: ifvtex 2016/05/16 v1.6 Detect VTeX and its facilities (HO)
Package ifvtex Info: VTeX not detected.
)
(/opt/texlive/2019/texmf-dist/tex/latex/hyperref/hyperref.sty
Package: hyperref 2018/11/30 v6.88e Hypertext links for LaTeX

(/opt/texlive/2019/texmf-dist/tex/generic/oberdiek/hobsub-hyperref.sty
Package: hobsub-hyperref 2016/05/16 v1.14 Bundle oberdiek, subset hyperref (HO)


(/opt/texlive/2019/texmf-dist/tex/generic/oberdiek/hobsub-generic.sty
Package: hobsub-generic 2016/05/16 v1.14 Bundle oberdiek, subset generic (HO)
Package: hobsub 2016/05/16 v1.14 Construct package bundles (HO)
Package hobsub Info: Skipping package `infwarerr' (already loaded).
Package hobsub Info: Skipping package `ltxcmds' (already loaded).
Package hobsub Info: Skipping package `ifluatex' (already loaded).
Package hobsub Info: Skipping package `ifvtex' (already loaded).
Package: intcalc 2016/05/16 v1.2 Expandable calculations with integers (HO)
Package hobsub Info: Skipping package `ifpdf' (already loaded).
Package: etexcmds 2016/05/16 v1.6 Avoid name clashes with e-TeX commands (HO)
Package: kvsetkeys 2016/05/16 v1.17 Key value parser (HO)
Package: kvdefinekeys 2016/05/16 v1.4 Define keys (HO)
Package hobsub Info: Skipping package `pdftexcmds' (already loaded).
Package hobsub Info: Skipping package `pdfescape' (already loaded).
Package: bigintcalc 2016/05/16 v1.4 Expandable calculations on big integers (HO
)
Package: bitset 2016/05/16 v1.2 Handle bit-vector datatype (HO)
Package: uniquecounter 2016/05/16 v1.3 Provide unlimited unique counter (HO)
)
Package hobsub Info: Skipping package `hobsub' (already loaded).
Package: letltxmacro 2016/05/16 v1.5 Let assignment for LaTeX macros (HO)
Package: hopatch 2016/05/16 v1.3 Wrapper for package hooks (HO)
Package: xcolor-patch 2016/05/16 xcolor patch
Package: atveryend 2016/05/16 v1.9 Hooks at the very end of document (HO)
Package atveryend Info: \enddocument detected (standard20110627).
Package: atbegshi 2016/06/09 v1.18 At begin shipout hook (HO)
Package: refcount 2016/05/16 v3.5 Data extraction from label references (HO)
Package: hycolor 2016/05/16 v1.8 Color options for hyperref/bookmark (HO)
)
(/opt/texlive/2019/texmf-dist/tex/latex/oberdiek/auxhook.sty
Package: auxhook 2016/05/16 v1.4 Hooks for auxiliary files (HO)
)
(/opt/texlive/2019/texmf-dist/tex/latex/oberdiek/kvoptions.sty
Package: kvoptions 2016/05/16 v3.12 Key value format for package options (HO)
)
\@linkdim=\dimen147
\Hy@linkcounter=\count104
\Hy@pagecounter=\count105

(/opt/texlive/2019/texmf-dist/tex/latex/hyperref/pd1enc.def
File: pd1enc.def 2018/11/30 v6.88e Hyperref: PDFDocEncoding definition (HO)
)
\Hy@SavedSpaceFactor=\count106

(/opt/texlive/2019/texmf-dist/tex/latex/latexconfig/hyperref.cfg
File: hyperref.cfg 2002/06/06 v1.2 hyperref configuration of TeXLive
)
Package hyperref Info: Hyper figures OFF on input line 4519.
Package hyperref Info: Link nesting OFF on input line 4524.
Package hyperref Info: Hyper index ON on input line 4527.
Package hyperref Info: Plain pages OFF on input line 4534.
Package hyperref Info: Backreferencing OFF on input line 4539.
Package hyperref Info: Implicit mode ON; LaTeX internals redefined.
Package hyperref Info: Bookmarks ON on input line 4772.
\c@Hy@tempcnt=\count107

(/opt/texlive/2019/texmf-dist/tex/latex/url/url.sty
\Urlmuskip=\muskip10
Package: url 2013/09/16  ver 3.4  Verb mode for urls, etc.
)
LaTeX Info: Redefining \url on input line 5125.
\XeTeXLinkMargin=\dimen148
\Fld@menulength=\count108
\Field@Width=\dimen149
\Fld@charsize=\dimen150
Package hyperref Info: Hyper figures OFF on input line 6380.
Package hyperref Info: Link nesting OFF on input line 6385.
Package hyperref Info: Hyper index ON on input line 6388.
Package hyperref Info: backreferencing OFF on input line 6395.
Package hyperref Info: Link coloring OFF on input line 6400.
Package hyperref Info: Link coloring with OCG OFF on input line 6405.
Package hyperref Info: PDF/A mode OFF on input line 6410.
LaTeX Info: Redefining \ref on input line 6450.
LaTeX Info: Redefining \pageref on input line 6454.
\Hy@abspage=\count109
\c@Item=\count110
\c@Hfootnote=\count111
)
Package hyperref Info: Driver (autodetected): hxetex.

(/opt/texlive/2019/texmf-dist/tex/latex/hyperref/hxetex.def
File: hxetex.def 2018/11/30 v6.88e Hyperref driver for XeTeX

(/opt/texlive/2019/texmf-dist/tex/latex/hyperref/puenc.def
File: puenc.def 2018/11/30 v6.88e Hyperref: PDF Unicode definition (HO)
)
(/opt/texlive/2019/texmf-dist/tex/generic/oberdiek/stringenc.sty
Package: stringenc 2016/05/16 v1.11 Convert strings between diff. encodings (HO
)
)
\pdfm@box=\box34
\c@Hy@AnnotLevel=\count112
\HyField@AnnotCount=\count113
\Fld@listcount=\count114
\c@bookmark@seq@number=\count115

(/opt/texlive/2019/texmf-dist/tex/latex/oberdiek/rerunfilecheck.sty
Package: rerunfilecheck 2016/05/16 v1.8 Rerun checks for auxiliary files (HO)
Package uniquecounter Info: New unique counter `rerunfilecheck' on input line 2
82.
)
\Hy@SectionHShift=\skip43
)
(/opt/texlive/2019/texmf-dist/tex/latex/oberdiek/bkm-dvipdfm.def
File: bkm-dvipdfm.def 2016/05/17 v1.26 bookmark driver for dvipdfm (HO)
\BKM@id=\count116
))
\igrbox=\box35
\igr@length=\dimen151
\c@igrtarget=\count117
)
(/opt/texlive/2019/texmf-dist/tex/latex/pgf/frontendlayer/tikz.sty
(/opt/texlive/2019/texmf-dist/tex/generic/pgf/frontendlayer/tikz/tikz.code.tex
Package: tikz 2019/05/09 v3.1.3 (3.1.3)

(/opt/texlive/2019/texmf-dist/tex/generic/pgf/libraries/pgflibraryplothandlers.
code.tex
File: pgflibraryplothandlers.code.tex 2019/05/09 v3.1.3 (3.1.3)
\pgf@plot@mark@count=\count118
\pgfplotmarksize=\dimen152
)
\tikz@lastx=\dimen153
\tikz@lasty=\dimen154
\tikz@lastxsaved=\dimen155
\tikz@lastysaved=\dimen156
\tikzleveldistance=\dimen157
\tikzsiblingdistance=\dimen158
\tikz@figbox=\box36
\tikz@figbox@bg=\box37
\tikz@tempbox=\box38
\tikz@tempbox@bg=\box39
\tikztreelevel=\count119
\tikznumberofchildren=\count120
\tikznumberofcurrentchild=\count121
\tikz@fig@count=\count122

(/opt/texlive/2019/texmf-dist/tex/generic/pgf/modules/pgfmodulematrix.code.tex
File: pgfmodulematrix.code.tex 2019/05/09 v3.1.3 (3.1.3)
\pgfmatrixcurrentrow=\count123
\pgfmatrixcurrentcolumn=\count124
\pgf@matrix@numberofcolumns=\count125
)
\tikz@expandcount=\count126

(/opt/texlive/2019/texmf-dist/tex/generic/pgf/frontendlayer/tikz/libraries/tikz
librarytopaths.code.tex
File: tikzlibrarytopaths.code.tex 2019/05/09 v3.1.3 (3.1.3)
)))
(/opt/texlive/2019/texmf-dist/tex/latex/fontspec/fontspec.sty
(/opt/texlive/2019/texmf-dist/tex/latex/l3packages/xparse/xparse.sty
(/opt/texlive/2019/texmf-dist/tex/latex/l3kernel/expl3.sty
Package: expl3 2019-05-28 L3 programming layer (loader) 

(/opt/texlive/2019/texmf-dist/tex/latex/l3kernel/expl3-code.tex
Package: expl3 2019-05-28 L3 programming layer (code)
\c_max_int=\count127
\l_tmpa_int=\count128
\l_tmpb_int=\count129
\g_tmpa_int=\count130
\g_tmpb_int=\count131
\g__kernel_prg_map_int=\count132
\c__ior_term_ior=\count133
\c_log_iow=\count134
\l_iow_line_count_int=\count135
\l__iow_line_target_int=\count136
\l__iow_one_indent_int=\count137
\l__iow_indent_int=\count138
\c_zero_dim=\dimen159
\c_max_dim=\dimen160
\l_tmpa_dim=\dimen161
\l_tmpb_dim=\dimen162
\g_tmpa_dim=\dimen163
\g_tmpb_dim=\dimen164
\c_zero_skip=\skip44
\c_max_skip=\skip45
\l_tmpa_skip=\skip46
\l_tmpb_skip=\skip47
\g_tmpa_skip=\skip48
\g_tmpb_skip=\skip49
\c_zero_muskip=\muskip11
\c_max_muskip=\muskip12
\l_tmpa_muskip=\muskip13
\l_tmpb_muskip=\muskip14
\g_tmpa_muskip=\muskip15
\g_tmpb_muskip=\muskip16
\l_keys_choice_int=\count139
\l__intarray_loop_int=\count140
\c__intarray_sp_dim=\dimen165
\g__intarray_font_int=\count141
\c__fp_leading_shift_int=\count142
\c__fp_middle_shift_int=\count143
\c__fp_trailing_shift_int=\count144
\c__fp_big_leading_shift_int=\count145
\c__fp_big_middle_shift_int=\count146
\c__fp_big_trailing_shift_int=\count147
\c__fp_Bigg_leading_shift_int=\count148
\c__fp_Bigg_middle_shift_int=\count149
\c__fp_Bigg_trailing_shift_int=\count150
\g__fp_array_int=\count151
\l__fp_array_loop_int=\count152
\l__sort_length_int=\count153
\l__sort_min_int=\count154
\l__sort_top_int=\count155
\l__sort_max_int=\count156
\l__sort_true_max_int=\count157
\l__sort_block_int=\count158
\l__sort_begin_int=\count159
\l__sort_end_int=\count160
\l__sort_A_int=\count161
\l__sort_B_int=\count162
\l__sort_C_int=\count163
\l__tl_analysis_normal_int=\count164
\l__tl_analysis_index_int=\count165
\l__tl_analysis_nesting_int=\count166
\l__tl_analysis_type_int=\count167
\l__regex_internal_a_int=\count168
\l__regex_internal_b_int=\count169
\l__regex_internal_c_int=\count170
\l__regex_balance_int=\count171
\l__regex_group_level_int=\count172
\l__regex_mode_int=\count173
\c__regex_cs_in_class_mode_int=\count174
\c__regex_cs_mode_int=\count175
\l__regex_catcodes_int=\count176
\l__regex_default_catcodes_int=\count177
\c__regex_catcode_L_int=\count178
\c__regex_catcode_O_int=\count179
\c__regex_catcode_A_int=\count180
\c__regex_all_catcodes_int=\count181
\l__regex_show_lines_int=\count182
\l__regex_min_state_int=\count183
\l__regex_max_state_int=\count184
\l__regex_left_state_int=\count185
\l__regex_right_state_int=\count186
\l__regex_capturing_group_int=\count187
\l__regex_min_pos_int=\count188
\l__regex_max_pos_int=\count189
\l__regex_curr_pos_int=\count190
\l__regex_start_pos_int=\count191
\l__regex_success_pos_int=\count192
\l__regex_curr_char_int=\count193
\l__regex_curr_catcode_int=\count194
\l__regex_last_char_int=\count195
\l__regex_case_changed_char_int=\count196
\l__regex_curr_state_int=\count197
\l__regex_step_int=\count198
\l__regex_min_active_int=\count199
\l__regex_max_active_int=\count266
\l__regex_replacement_csnames_int=\count267
\l__regex_match_count_int=\count268
\l__regex_min_submatch_int=\count269
\l__regex_submatch_int=\count270
\l__regex_zeroth_submatch_int=\count271
\g__regex_trace_regex_int=\count272
\c_empty_box=\box40
\l_tmpa_box=\box41
\l_tmpb_box=\box42
\g_tmpa_box=\box43
\g_tmpb_box=\box44
\l__box_top_dim=\dimen166
\l__box_bottom_dim=\dimen167
\l__box_left_dim=\dimen168
\l__box_right_dim=\dimen169
\l__box_top_new_dim=\dimen170
\l__box_bottom_new_dim=\dimen171
\l__box_left_new_dim=\dimen172
\l__box_right_new_dim=\dimen173
\l__box_internal_box=\box45
\l__coffin_internal_box=\box46
\l__coffin_internal_dim=\dimen174
\l__coffin_offset_x_dim=\dimen175
\l__coffin_offset_y_dim=\dimen176
\l__coffin_x_dim=\dimen177
\l__coffin_y_dim=\dimen178
\l__coffin_x_prime_dim=\dimen179
\l__coffin_y_prime_dim=\dimen180
\c_empty_coffin=\box47
\l__coffin_aligned_coffin=\box48
\l__coffin_aligned_internal_coffin=\box49
\l_tmpa_coffin=\box50
\l_tmpb_coffin=\box51
\g_tmpa_coffin=\box52
\g_tmpb_coffin=\box53
\l__coffin_bounding_shift_dim=\dimen181
\l__coffin_left_corner_dim=\dimen182
\l__coffin_right_corner_dim=\dimen183
\l__coffin_bottom_corner_dim=\dimen184
\l__coffin_top_corner_dim=\dimen185
\l__coffin_scaled_total_height_dim=\dimen186
\l__coffin_scaled_width_dim=\dimen187
\c__coffin_empty_coffin=\box54
\l__coffin_display_coffin=\box55
\l__coffin_display_coord_coffin=\box56
\l__coffin_display_pole_coffin=\box57
\l__coffin_display_offset_dim=\dimen188
\l__coffin_display_x_dim=\dimen189
\l__coffin_display_y_dim=\dimen190
\g__file_internal_ior=\read2
\l__seq_internal_a_int=\count273
\l__seq_internal_b_int=\count274
\c__deprecation_minus_one=\count275
)
(/opt/texlive/2019/texmf-dist/tex/latex/l3kernel/l3xdvipdfmx.def
File: l3xdvipdfmx.def 2019-04-06 v L3 Experimental driver: xdvipdfmx
\l__driver_internal_box=\box58
\g__driver_graphics_int=\count276
\g__driver_pdf_object_int=\count277
\g__driver_pdf_annotation_int=\count278
))
Package: xparse 2019-05-28 L3 Experimental document command parser
\l__xparse_current_arg_int=\count279
\g__xparse_grabber_int=\count280
\l__xparse_m_args_int=\count281
\l__xparse_v_nesting_int=\count282
)
Package: fontspec 2019/03/15 v2.7c Font selection for XeLaTeX and LuaLaTeX

(/opt/texlive/2019/texmf-dist/tex/latex/fontspec/fontspec-xetex.sty
Package: fontspec-xetex 2019/03/15 v2.7c Font selection for XeLaTeX and LuaLaTe
X
\l__fontspec_script_int=\count283
\l__fontspec_language_int=\count284
\l__fontspec_strnum_int=\count285
\l__fontspec_tmp_int=\count286
\l__fontspec_tmpa_int=\count287
\l__fontspec_tmpb_int=\count288
\l__fontspec_tmpc_int=\count289
\l__fontspec_em_int=\count290
\l__fontspec_emdef_int=\count291
\l__fontspec_strong_int=\count292
\l__fontspec_strongdef_int=\count293
\l__fontspec_tmpa_dim=\dimen191
\l__fontspec_tmpb_dim=\dimen192
\l__fontspec_tmpc_dim=\dimen193

(/opt/texlive/2019/texmf-dist/tex/latex/base/fontenc.sty
Package: fontenc 2018/08/11 v2.0j Standard LaTeX package

(/opt/texlive/2019/texmf-dist/tex/latex/base/tuenc.def
File: tuenc.def 2018/08/11 v2.0j Standard LaTeX file
LaTeX Font Info:    Redeclaring font encoding TU on input line 82.
))
(/opt/texlive/2019/texmf-dist/tex/latex/fontspec/fontspec.cfg)
LaTeX Info: Redefining \itshape on input line 4051.
LaTeX Info: Redefining \slshape on input line 4056.
LaTeX Info: Redefining \scshape on input line 4061.
LaTeX Info: Redefining \upshape on input line 4066.
LaTeX Info: Redefining \em on input line 4096.
LaTeX Info: Redefining \emph on input line 4121.
))

Package fontspec Info: Could not resolve font "SKAUT-Bold/BI" (it probably
(fontspec)             doesn't exist).


Package fontspec Info: Could not resolve font "SKAUT-Bold/B" (it probably
(fontspec)             doesn't exist).


Package fontspec Info: Could not resolve font "SKAUT-Bold/I" (it probably
(fontspec)             doesn't exist).


Package fontspec Info: Font family 'SKAUT-Bold(0)' created for font
(fontspec)             'SKAUT-Bold' with options [].
(fontspec)              
(fontspec)              This font family consists of the following NFSS
(fontspec)             series/shapes:
(fontspec)              
(fontspec)             - 'normal' (m/n) with NFSS spec.:
(fontspec)             <->"SKAUT-Bold/OT:script=latn;language=DFLT;"
(fontspec)             - 'small caps'  (m/sc) with NFSS spec.: 


Package fontspec Info: Font family 'TheMixC5-4_SemiLight.otf(0)' created for
(fontspec)             font 'TheMixC5-4_SemiLight.otf' with options
(fontspec)             [Ligatures=TeX,Path = /usr/share/fonts/skaut/,BoldFont
(fontspec)             = TheMixC5-7_Bold.otf,ItalicFont =
(fontspec)             TheMixC5-4iSemilightIta.otf,BoldItalicFont =
(fontspec)             TheMixC5-7iBoldItalic.otf].
(fontspec)              
(fontspec)              This font family consists of the following NFSS
(fontspec)             series/shapes:
(fontspec)              
(fontspec)             - 'normal' (m/n) with NFSS spec.:
(fontspec)             <->"[/usr/share/fonts/skaut/TheMixC5-4_SemiLight.otf]/OT
:script=latn;language=DFLT;mapping=tex-text;"
(fontspec)             - 'small caps'  (m/sc) with NFSS spec.: 
(fontspec)             - 'bold' (bx/n) with NFSS spec.:
(fontspec)             <->"[/usr/share/fonts/skaut/TheMixC5-7_Bold.otf]/OT:scri
pt=latn;language=DFLT;mapping=tex-text;"
(fontspec)             - 'bold small caps'  (bx/sc) with NFSS spec.: 
(fontspec)             - 'italic' (m/it) with NFSS spec.:
(fontspec)             <->"[/usr/share/fonts/skaut/TheMixC5-4iSemilightIta.otf]
/OT:script=latn;language=DFLT;mapping=tex-text;"
(fontspec)             - 'italic small caps'  (m/itsc) with NFSS spec.: 
(fontspec)             - 'bold italic' (bx/it) with NFSS spec.:
(fontspec)             <->"[/usr/share/fonts/skaut/TheMixC5-7iBoldItalic.otf]/O
T:script=latn;language=DFLT;mapping=tex-text;"
(fontspec)             - 'bold italic small caps'  (bx/itsc) with NFSS spec.: 

LaTeX Info: Redefining \rmfamily on input line 18.

(/opt/texlive/2019/texmf-dist/tex/latex/geometry/geometry.sty
Package: geometry 2018/04/16 v5.8 Page Geometry
\Gm@cnth=\count294
\Gm@cntv=\count295
\c@Gm@tempcnt=\count296
\Gm@bindingoffset=\dimen194
\Gm@wd@mp=\dimen195
\Gm@odd@mp=\dimen196
\Gm@even@mp=\dimen197
\Gm@layoutwidth=\dimen198
\Gm@layoutheight=\dimen199
\Gm@layouthoffset=\dimen256
\Gm@layoutvoffset=\dimen257
\Gm@dimlist=\toks29
)
(/opt/texlive/2019/texmf-dist/tex/latex/setspace/setspace.sty
Package: setspace 2011/12/19 v6.7a set line spacing
)
(/opt/texlive/2019/texmf-dist/tex/latex/microtype/microtype.sty
Package: microtype 2019/02/28 v2.7b Micro-typographical refinements (RS)
\MT@toks=\toks30
\MT@count=\count297
LaTeX Info: Redefining \textls on input line 790.
\MT@outer@kern=\dimen258
LaTeX Info: Redefining \textmicrotypecontext on input line 1336.
\MT@listname@count=\count298

(/opt/texlive/2019/texmf-dist/tex/latex/microtype/microtype-xetex.def
File: microtype-xetex.def 2019/02/28 v2.7b Definitions specific to xetex (RS)
LaTeX Info: Redefining \lsstyle on input line 258.
)
Package microtype Info: Loading configuration file microtype.cfg.

(/opt/texlive/2019/texmf-dist/tex/latex/microtype/microtype.cfg
File: microtype.cfg 2019/02/28 v2.7b microtype main configuration file (RS)
))
(/opt/texlive/2019/texmf-dist/tex/latex/paralist/paralist.sty
Package: paralist 2017/01/22 v2.7 Extended list environments
\pltopsep=\skip50
\plpartopsep=\skip51
\plitemsep=\skip52
\plparsep=\skip53
\pl@lab=\toks31
)
(/opt/texlive/2019/texmf-dist/tex/latex/subfig/subfig.sty
Package: subfig 2005/06/28 ver: 1.3 subfig package

(/opt/texlive/2019/texmf-dist/tex/latex/caption/caption.sty
Package: caption 2018/10/06 v3.3-154 Customizing captions (AR)

(/opt/texlive/2019/texmf-dist/tex/latex/caption/caption3.sty
Package: caption3 2018/09/12 v1.8c caption3 kernel (AR)
Package caption3 Info: TeX engine: e-TeX on input line 64.
\captionmargin=\dimen259
\captionmargin@=\dimen260
\captionwidth=\dimen261
\caption@tempdima=\dimen262
\caption@indent=\dimen263
\caption@parindent=\dimen264
\caption@hangindent=\dimen265
)
\c@caption@flags=\count299
\c@ContinuedFloat=\count300
Package caption Info: hyperref package is loaded.
)
\c@KVtest=\count301
\sf@farskip=\skip54
\sf@captopadj=\dimen266
\sf@capskip=\skip55
\sf@nearskip=\skip56
\c@subfigure=\count302
\c@subfigure@save=\count303
\c@lofdepth=\count304
\c@subtable=\count305
\c@subtable@save=\count306
\c@lotdepth=\count307
\sf@top=\skip57
\sf@bottom=\skip58
)
(/opt/texlive/2019/texmf-dist/tex/latex/truncate/truncate.sty
Package: truncate 2001/08/20  ver 3.6
\@Trunc@RestHyph=\toks32
)
(/opt/texlive/2019/texmf-dist/tex/latex/l3packages/xfrac/xfrac.sty
(/opt/texlive/2019/texmf-dist/tex/latex/amsmath/amstext.sty
Package: amstext 2000/06/29 v2.01 AMS text

(/opt/texlive/2019/texmf-dist/tex/latex/amsmath/amsgen.sty
File: amsgen.sty 1999/11/30 v2.0 generic functions
\@emptytoks=\toks33
\ex@=\dimen267
))
(/opt/texlive/2019/texmf-dist/tex/latex/l3packages/l3keys2e/l3keys2e.sty
Package: l3keys2e 2019-05-28 LaTeX2e option processing using LaTeX3 keys
)
(/opt/texlive/2019/texmf-dist/tex/latex/base/textcomp.sty
Package: textcomp 2018/08/11 v2.0j Standard LaTeX package
Package textcomp Info: Sub-encoding information:
(textcomp)               5 = only ISO-Adobe without \textcurrency
(textcomp)               4 = 5 + \texteuro
(textcomp)               3 = 4 + \textohm
(textcomp)               2 = 3 + \textestimated + \textcurrency
(textcomp)               1 = TS1 - \textcircled - \t
(textcomp)               0 = TS1 (full)
(textcomp)             Font families with sub-encoding setting implement
(textcomp)             only a restricted character set as indicated.
(textcomp)             Family '?' is the default used for unknown fonts.
(textcomp)             See the documentation for details.
Package textcomp Info: Setting ? sub-encoding to TS1/1 on input line 79.

(/opt/texlive/2019/texmf-dist/tex/latex/base/ts1enc.def
File: ts1enc.def 2001/06/05 v3.0e (jk/car/fm) Standard LaTeX file
)
LaTeX Info: Redefining \oldstylenums on input line 334.
Package textcomp Info: Setting cmr sub-encoding to TS1/0 on input line 349.
Package textcomp Info: Setting cmss sub-encoding to TS1/0 on input line 350.
Package textcomp Info: Setting cmtt sub-encoding to TS1/0 on input line 351.
Package textcomp Info: Setting cmvtt sub-encoding to TS1/0 on input line 352.
Package textcomp Info: Setting cmbr sub-encoding to TS1/0 on input line 353.
Package textcomp Info: Setting cmtl sub-encoding to TS1/0 on input line 354.
Package textcomp Info: Setting ccr sub-encoding to TS1/0 on input line 355.
Package textcomp Info: Setting ptm sub-encoding to TS1/4 on input line 356.
Package textcomp Info: Setting pcr sub-encoding to TS1/4 on input line 357.
Package textcomp Info: Setting phv sub-encoding to TS1/4 on input line 358.
Package textcomp Info: Setting ppl sub-encoding to TS1/3 on input line 359.
Package textcomp Info: Setting pag sub-encoding to TS1/4 on input line 360.
Package textcomp Info: Setting pbk sub-encoding to TS1/4 on input line 361.
Package textcomp Info: Setting pnc sub-encoding to TS1/4 on input line 362.
Package textcomp Info: Setting pzc sub-encoding to TS1/4 on input line 363.
Package textcomp Info: Setting bch sub-encoding to TS1/4 on input line 364.
Package textcomp Info: Setting put sub-encoding to TS1/5 on input line 365.
Package textcomp Info: Setting uag sub-encoding to TS1/5 on input line 366.
Package textcomp Info: Setting ugq sub-encoding to TS1/5 on input line 367.
Package textcomp Info: Setting ul8 sub-encoding to TS1/4 on input line 368.
Package textcomp Info: Setting ul9 sub-encoding to TS1/4 on input line 369.
Package textcomp Info: Setting augie sub-encoding to TS1/5 on input line 370.
Package textcomp Info: Setting dayrom sub-encoding to TS1/3 on input line 371.
Package textcomp Info: Setting dayroms sub-encoding to TS1/3 on input line 372.

Package textcomp Info: Setting pxr sub-encoding to TS1/0 on input line 373.
Package textcomp Info: Setting pxss sub-encoding to TS1/0 on input line 374.
Package textcomp Info: Setting pxtt sub-encoding to TS1/0 on input line 375.
Package textcomp Info: Setting txr sub-encoding to TS1/0 on input line 376.
Package textcomp Info: Setting txss sub-encoding to TS1/0 on input line 377.
Package textcomp Info: Setting txtt sub-encoding to TS1/0 on input line 378.
Package textcomp Info: Setting lmr sub-encoding to TS1/0 on input line 379.
Package textcomp Info: Setting lmdh sub-encoding to TS1/0 on input line 380.
Package textcomp Info: Setting lmss sub-encoding to TS1/0 on input line 381.
Package textcomp Info: Setting lmssq sub-encoding to TS1/0 on input line 382.
Package textcomp Info: Setting lmvtt sub-encoding to TS1/0 on input line 383.
Package textcomp Info: Setting lmtt sub-encoding to TS1/0 on input line 384.
Package textcomp Info: Setting qhv sub-encoding to TS1/0 on input line 385.
Package textcomp Info: Setting qag sub-encoding to TS1/0 on input line 386.
Package textcomp Info: Setting qbk sub-encoding to TS1/0 on input line 387.
Package textcomp Info: Setting qcr sub-encoding to TS1/0 on input line 388.
Package textcomp Info: Setting qcs sub-encoding to TS1/0 on input line 389.
Package textcomp Info: Setting qpl sub-encoding to TS1/0 on input line 390.
Package textcomp Info: Setting qtm sub-encoding to TS1/0 on input line 391.
Package textcomp Info: Setting qzc sub-encoding to TS1/0 on input line 392.
Package textcomp Info: Setting qhvc sub-encoding to TS1/0 on input line 393.
Package textcomp Info: Setting futs sub-encoding to TS1/4 on input line 394.
Package textcomp Info: Setting futx sub-encoding to TS1/4 on input line 395.
Package textcomp Info: Setting futj sub-encoding to TS1/4 on input line 396.
Package textcomp Info: Setting hlh sub-encoding to TS1/3 on input line 397.
Package textcomp Info: Setting hls sub-encoding to TS1/3 on input line 398.
Package textcomp Info: Setting hlst sub-encoding to TS1/3 on input line 399.
Package textcomp Info: Setting hlct sub-encoding to TS1/5 on input line 400.
Package textcomp Info: Setting hlx sub-encoding to TS1/5 on input line 401.
Package textcomp Info: Setting hlce sub-encoding to TS1/5 on input line 402.
Package textcomp Info: Setting hlcn sub-encoding to TS1/5 on input line 403.
Package textcomp Info: Setting hlcw sub-encoding to TS1/5 on input line 404.
Package textcomp Info: Setting hlcf sub-encoding to TS1/5 on input line 405.
Package textcomp Info: Setting pplx sub-encoding to TS1/3 on input line 406.
Package textcomp Info: Setting pplj sub-encoding to TS1/3 on input line 407.
Package textcomp Info: Setting ptmx sub-encoding to TS1/4 on input line 408.
Package textcomp Info: Setting ptmj sub-encoding to TS1/4 on input line 409.
)
(/opt/texlive/2019/texmf-dist/tex/latex/l3packages/xtemplate/xtemplate.sty
Package: xtemplate 2019-05-28 L3 Experimental prototype document functions
\l__xtemplate_tmp_dim=\dimen268
\l__xtemplate_tmp_int=\count308
\l__xtemplate_tmp_muskip=\muskip17
\l__xtemplate_tmp_skip=\skip59
)
Package: xfrac 2019-05-28 L3 Experimental split-level fractions
\l__xfrac_slash_box=\box59
\l__xfrac_tmp_box=\box60
\l__xfrac_denominator_bot_sep_dim=\dimen269
\l__xfrac_numerator_bot_sep_dim=\dimen270
\l__xfrac_numerator_top_sep_dim=\dimen271
\l__xfrac_slash_left_sep_dim=\dimen272
\l__xfrac_slash_right_sep_dim=\dimen273
\l__xfrac_slash_left_muskip=\muskip18
\l__xfrac_slash_right_muskip=\muskip19

Package xtemplate Info: Declaring object type 'xfrac' taking 3 argument(s) on
(xtemplate)             line 79.

)
(/opt/texlive/2019/texmf-dist/tex/latex/parskip/parskip.sty
Package: parskip 2019-01-16 v2.0c non-zero parskip adjustments

(/opt/texlive/2019/texmf-dist/tex/latex/etoolbox/etoolbox.sty
Package: etoolbox 2018/08/19 v2.5f e-TeX tools for LaTeX (JAW)
\etb@tempcnta=\count309
))
(/opt/texlive/2019/texmf-dist/tex/latex/needspace/needspace.sty
Package: needspace 2010/09/12 v1.3d reserve vertical space
)
(/opt/texlive/2019/texmf-dist/tex/latex/gtrcrd/gtrcrd.sty
Package: gtrcrd 2013/12/24 v1.1 Guitar chords
\wordwidth=\skip60
\crdwidth=\skip61
\crdheight=\skip62
)
(/opt/texlive/2019/texmf-dist/tex/latex/gchords/gchords.sty
Package: gchords 
\cwidth=\skip63
\truewidth=\count310
\topline=\count311
\myvpos=\count312
\mylength=\count313
\fpos=\count314
\ghor=\count315
\prevpos=\count316
\dlen=\count317
\cpos=\count318
\stpos=\count319
\needsize=\dimen274
\ascale=\dimen275
)
(/opt/texlive/2019/texmf-dist/tex/latex/musixtex/musixtex.sty
(/opt/texlive/2019/texmf-dist/tex/generic/musixtex/musixtex.tex
MusiXTeX(c) 1.29 <2018-08-04>
\n@i=\count320
\n@ii=\count321
\n@iii=\count322
\n@iv=\count323
\n@v=\count324
\n@vi=\count325
\n@vii=\count326
\n@viii=\count327
\count@=\count328
\toks@box=\box61
\w@rkbox=\box62
\n@otebox=\box63
\y@=\dimen276
\y@i=\dimen277
\y@ii=\dimen278
\y@iii=\dimen279
\y@iv=\dimen280
\y@v=\dimen281
\group@no=\count329
\interinstrument=\dimen282
\N@s=\count330
\s@Y=\dimen283
\lin@pos=\dimen284
\meet@minus@n@iv=\count331
\interbeam=\dimen285
\b@amthick=\dimen286
\Interligne=\dimen287
\Internote=\dimen288
\ch@box=\box64
\musicsize=\count332
\qd@skip=\dimen289
\qn@width=\dimen290
\wn@width=\dimen291
\txt@ff=\skip64
\s@indent=\skip65
\big@spc=\skip66
\lthick=\dimen292
\afterruleskip=\skip67
\staffbotmarg=\dimen293
\stafftopmarg=\dimen294
\line@width=\dimen295
\interportee=\dimen296
\noport@@=\count333
\noinstrum@nt=\count334
\altportee=\dimen297
\systemheight=\dimen298
\altplancher=\dimen299
\instrum@in@group=\skip68
\boxitsep=\skip69
\barsinpi@c@=\count335
\barno=\count336
\startbarno=\count337
\sign@skip=\dimen300
\maxsign@skip=\dimen301
\x@skip=\dimen302
\n@skip=\dimen303
\beforeruleskip=\skip70
\widthtyp@=\count338
\lastbarno=\count339
\cut@v=\skip71
\init@volta@pos=\skip72
\volta@startcor=\skip73
\volta@endcor=\skip74
\writ@volta@box=\box65
\barsinlin@=\count340
\maxbarsinlin@=\count341
\lastbarpos=\skip75
\ut@ref=\count342
\meterskip=\skip76
\t@c=\toks34
\clef@skip=\skip77
\noteskip=\dimen304
\transpose=\count343
\normaltranspose=\count344
\locx@skip=\dimen305
\elemskip=\dimen306
\@l@mskip=\dimen307
\inh@alt=\count345
\st@bot=\dimen308
\st@top=\dimen309
\stem@skip=\dimen310
\s@lope=\dimen311
\y@vi=\dimen312
\lift@rest=\dimen313
\accshift=\skip78
\@icresc=\skip79
\pdl@pos=\dimen314
\bigwedgebox=\box66
\@itrillei=\skip80
\@itrilleii=\skip81
\@itrilleiii=\skip82
\@itrilleiv=\skip83
\@itrillev=\skip84
\@itrillevi=\skip85
\tr@number=\count346
\tr@nspose=\count347
\o@swz=\toks35
\o@number=\count348
\y@vii=\dimen315
\y@viii=\dimen316
\y@ix=\dimen317
\tuptxtb@x=\box67
\notes@open=\count349
\k@ii=\skip86
\i@ni=\dimen318
\b@xi=\dimen319
\b@zi=\dimen320
\c@xi=\dimen321
\c@zi=\skip87
\d@xi=\dimen322
\d@zi=\skip88
\e@xi=\dimen323
\e@zi=\skip89
\b@pi=\count350
\b@ni=\count351
\n@pi=\count352
\a@si=\count353
\o@si=\count354
\a@ci=\toks36
\o@ci=\toks37
\m@ti=\toks38
\k@iii=\skip90
\i@nii=\dimen324
\b@xii=\dimen325
\b@zii=\dimen326
\c@xii=\dimen327
\c@zii=\skip91
\d@xii=\dimen328
\d@zii=\skip92
\e@xii=\dimen329
\e@zii=\skip93
\b@pii=\count355
\b@nii=\count356
\n@pii=\count357
\a@sii=\count358
\o@sii=\count359
\a@cii=\toks39
\o@cii=\toks40
\m@tii=\toks41
\k@iiii=\skip94
\i@niii=\dimen330
\b@xiii=\dimen331
\b@ziii=\dimen332
\c@xiii=\dimen333
\c@ziii=\skip95
\d@xiii=\dimen334
\d@ziii=\skip96
\e@xiii=\dimen335
\e@ziii=\skip97
\b@piii=\count360
\b@niii=\count361
\n@piii=\count362
\a@siii=\count363
\o@siii=\count364
\a@ciii=\toks42
\o@ciii=\toks43
\m@tiii=\toks44
\k@iiv=\skip98
\i@niv=\dimen336
\b@xiv=\dimen337
\b@ziv=\dimen338
\c@xiv=\dimen339
\c@ziv=\skip99
\d@xiv=\dimen340
\d@ziv=\skip100
\e@xiv=\dimen341
\e@ziv=\skip101
\b@piv=\count365
\b@niv=\count366
\n@piv=\count367
\a@siv=\count368
\o@siv=\count369
\a@civ=\toks45
\o@civ=\toks46
\m@tiv=\toks47
\k@iv=\skip102
\i@nv=\dimen342
\b@xv=\dimen343
\b@zv=\dimen344
\c@xv=\dimen345
\c@zv=\skip103
\d@xv=\dimen346
\d@zv=\skip104
\e@xv=\dimen347
\e@zv=\skip105
\b@pv=\count370
\b@nv=\count371
\n@pv=\count372
\a@sv=\count373
\o@sv=\count374
\a@cv=\toks48
\o@cv=\toks49
\m@tv=\toks50
\k@ivi=\skip106
\i@nvi=\dimen348
\b@xvi=\dimen349
\b@zvi=\dimen350
\c@xvi=\dimen351
\c@zvi=\skip107
\d@xvi=\dimen352
\d@zvi=\skip108
\e@xvi=\dimen353
\e@zvi=\skip109
\b@pvi=\count375
\b@nvi=\count376
\n@pvi=\count377
\a@svi=\count378
\o@svi=\count379
\a@cvi=\toks51
\o@cvi=\toks52
\m@tvi=\toks53
maxinstruments=6
\f@xi=\dimen354
\f@zi=\skip110
\f@xii=\dimen355
\f@zii=\skip111
\f@xiii=\dimen356
\f@ziii=\skip112
\f@xiv=\dimen357
\f@ziv=\skip113
\f@xv=\dimen358
\f@zv=\skip114
\f@xvi=\dimen359
\f@zvi=\skip115
 max128beams=6
\g@bi=\skip116
\g@hi=\skip117
\g@bii=\skip118
\g@hii=\skip119
\g@biii=\skip120
\g@hiii=\skip121
 maxgroups=3
\s@xi=\dimen360
\s@si=\toks54
\s@Yi=\dimen361
\s@ai=\skip122
\s@yi=\count380
\s@Ni=\count381
\s@zi=\count382
\s@di=\toks55
\s@xii=\dimen362
\s@sii=\toks56
\s@Yii=\dimen363
\s@aii=\skip123
\s@yii=\count383
\s@Nii=\count384
\s@zii=\count385
\s@dii=\toks57
\s@xiii=\dimen364
\s@siii=\toks58
\s@Yiii=\dimen365
\s@aiii=\skip124
\s@yiii=\count386
\s@Niii=\count387
\s@ziii=\count388
\s@diii=\toks59
\s@xiv=\dimen366
\s@siv=\toks60
\s@Yiv=\dimen367
\s@aiv=\skip125
\s@yiv=\count389
\s@Niv=\count390
\s@ziv=\count391
\s@div=\toks61
\s@xv=\dimen368
\s@sv=\toks62
\s@Yv=\dimen369
\s@av=\skip126
\s@yv=\count392
\s@Nv=\count393
\s@zv=\count394
\s@dv=\toks63
\s@xvi=\dimen370
\s@svi=\toks64
\s@Yvi=\dimen371
\s@avi=\skip127
\s@yvi=\count395
\s@Nvi=\count396
\s@zvi=\count397
\s@dvi=\toks65
 maxslurs=6
\tr@xi=\skip128
\tr@swi=\toks66
\tr@yi=\skip129
\tr@xii=\skip130
\tr@swii=\toks67
\tr@yii=\skip131
\tr@xiii=\skip132
\tr@swiii=\toks68
\tr@yiii=\skip133
\tr@xiv=\skip134
\tr@swiv=\toks69
\tr@yiv=\skip135
\tr@xv=\skip136
\tr@swv=\toks70
\tr@yv=\skip137
\tr@xvi=\skip138
\tr@swvi=\toks71
\tr@yvi=\skip139
 maxtrills=6
\o@xi=\skip140
\o@yi=\skip141
\o@swi=\toks72
\o@xii=\skip142
\o@yii=\skip143
\o@swii=\toks73
\o@xiii=\skip144
\o@yiii=\skip145
\o@swiii=\toks74
\o@xiv=\skip146
\o@yiv=\skip147
\o@swiv=\toks75
\o@xv=\skip148
\o@yv=\skip149
\o@swv=\toks76
\o@xvi=\skip150
\o@yvi=\skip151
\o@swvi=\toks77

maxoctlines=6
\outmux=\write4
\mulooseness=\count398
\linegoal=\count399
\l@eftrightbox=\box68
\stringraise=\count400
\inmux=\read3
) (/opt/texlive/2019/texmf-dist/tex/latex/musixtex/musixltx.tex
MusiXLaTeX T.125 <8 April 2017>
)) (/opt/texlive/2019/texmf-dist/tex/latex/tableof/tableof.sty
Package: tableof 2018/10/02 v1.4b Tables of tagged contents (JFB)
\tof@toctoks=\toks78
)
(/opt/texlive/2019/texmf-dist/tex/latex/etoc/etoc.sty
Package: etoc 2019/03/09 v1.09 Completely customisable TOCs (JFB)

(/opt/texlive/2019/texmf-dist/tex/latex/tools/multicol.sty
Package: multicol 2018/12/27 v1.8v multicolumn formatting (FMi)
\c@tracingmulticols=\count401
\mult@box=\box69
\multicol@leftmargin=\dimen372
\c@unbalance=\count402
\c@collectmore=\count403
\doublecol@number=\count404
\multicoltolerance=\count405
\multicolpretolerance=\count406
\full@width=\dimen373
\page@free=\dimen374
\premulticols=\dimen375
\postmulticols=\dimen376
\multicolsep=\skip152
\multicolbaselineskip=\skip153
\partial@page=\box70
\last@line=\box71
\maxbalancingoverflow=\dimen377
\mult@rightbox=\box72
\mult@grightbox=\box73
\mult@gfirstbox=\box74
\mult@firstbox=\box75
\@tempa=\box76
\@tempa=\box77
\@tempa=\box78
\@tempa=\box79
\@tempa=\box80
\@tempa=\box81
\@tempa=\box82
\@tempa=\box83
\@tempa=\box84
\@tempa=\box85
\@tempa=\box86
\@tempa=\box87
\@tempa=\box88
\@tempa=\box89
\@tempa=\box90
\@tempa=\box91
\@tempa=\box92
\c@columnbadness=\count407
\c@finalcolumnbadness=\count408
\last@try=\dimen378
\multicolovershoot=\dimen379
\multicolundershoot=\dimen380
\mult@nat@firstbox=\box93
\colbreak@box=\box94
\mc@col@check@num=\count409
)
\Etoc@toctoks=\toks79
\c@etoc@tocid=\count410
\c@etoc@tocdepth=\count411
\etoc@framed@titlebox=\box95
\etoc@framed@contentsbox=\box96
) (./macros.tex)
(./chords_adjustments.tex))
(/opt/texlive/2019/texmf-dist/tex/latex/pgf/utilities/pgfpages.sty
Package: pgfpages 2011/01/05 ver 0.02

(/opt/texlive/2019/texmf-dist/tex/latex/tools/calc.sty
Package: calc 2017/05/25 v4.3 Infix arithmetic (KKT,FJ)
\calc@Acount=\count412
\calc@Bcount=\count413
\calc@Adimen=\dimen381
\calc@Bdimen=\dimen382
\calc@Askip=\skip154
\calc@Bskip=\skip155
LaTeX Info: Redefining \setlength on input line 80.
LaTeX Info: Redefining \addtolength on input line 81.
\calc@Ccount=\count414
\calc@Cskip=\skip156
)
\pgf@logicalpages=\count415
\pgf@firstshipout=\count416
\pgf@lastshipout=\count417
\pgf@currentshipout=\count418
\pgf@cpn=\count419
\pgf@shipoutnextto=\count420
\pgfphysicalheight=\dimen383
\pgfphysicalwidth=\dimen384
\pgfpages@shipoutbox=\box97
)

LaTeX Warning: Unused global option(s):
    [15pt].

(./adamuv_zpevnik_tisk.aux)
\openout1 = `adamuv_zpevnik_tisk.aux'.

LaTeX Font Info:    Checking defaults for OML/cmm/m/it on input line 6.
LaTeX Font Info:    ... okay on input line 6.
LaTeX Font Info:    Checking defaults for T1/cmr/m/n on input line 6.
LaTeX Font Info:    ... okay on input line 6.
LaTeX Font Info:    Checking defaults for OT1/cmr/m/n on input line 6.
LaTeX Font Info:    ... okay on input line 6.
LaTeX Font Info:    Checking defaults for OMS/cmsy/m/n on input line 6.
LaTeX Font Info:    ... okay on input line 6.
LaTeX Font Info:    Checking defaults for TU/lmr/m/n on input line 6.
LaTeX Font Info:    ... okay on input line 6.
LaTeX Font Info:    Checking defaults for OMX/cmex/m/n on input line 6.
LaTeX Font Info:    ... okay on input line 6.
LaTeX Font Info:    Checking defaults for U/cmr/m/n on input line 6.
LaTeX Font Info:    ... okay on input line 6.
LaTeX Font Info:    Checking defaults for PD1/pdf/m/n on input line 6.
LaTeX Font Info:    ... okay on input line 6.
LaTeX Font Info:    Checking defaults for PU/pdf/m/n on input line 6.
LaTeX Font Info:    ... okay on input line 6.
LaTeX Font Info:    Checking defaults for TS1/cmr/m/n on input line 6.
LaTeX Font Info:    Try loading font information for TS1+cmr on input line 6.

(/opt/texlive/2019/texmf-dist/tex/latex/base/ts1cmr.fd
File: ts1cmr.fd 2014/09/29 v2.5h Standard LaTeX font definitions
)
LaTeX Font Info:    ... okay on input line 6.

ABD: EveryShipout initializing macros
\AtBeginShipoutBox=\box98
Package hyperref Info: Link coloring OFF on input line 6.

(/opt/texlive/2019/texmf-dist/tex/latex/hyperref/nameref.sty
Package: nameref 2016/05/21 v2.44 Cross-referencing by name of section

(/opt/texlive/2019/texmf-dist/tex/generic/oberdiek/gettitlestring.sty
Package: gettitlestring 2016/05/16 v1.5 Cleanup title references (HO)
)
\c@section@level=\count421
)
LaTeX Info: Redefining \ref on input line 6.
LaTeX Info: Redefining \pageref on input line 6.
LaTeX Info: Redefining \nameref on input line 6.

*geometry* driver: auto-detecting
*geometry* detected driver: xetex
*geometry* verbose mode - [ preamble ] result:
* driver: xetex
* paper: a5paper
* layout: <same size as paper>
* layoutoffset:(h,v)=(0.0pt,0.0pt)
* modes: 
* h-part:(L,W,R)=(30.0pt, 361.10078pt, 30.0pt)
* v-part:(T,H,B)=(25.0pt, 539.50787pt, 33.0pt)
* \paperwidth=421.10078pt
* \paperheight=597.50787pt
* \textwidth=361.10078pt
* \textheight=539.50787pt
* \oddsidemargin=-42.26999pt
* \evensidemargin=-42.26999pt
* \topmargin=-84.26999pt
* \headheight=12.0pt
* \headsep=25.0pt
* \topskip=10.0pt
* \footskip=30.0pt
* \marginparwidth=65.0pt
* \marginparsep=11.0pt
* \columnsep=10.0pt
* \skip\footins=9.0pt plus 4.0pt minus 2.0pt
* \hoffset=0.0pt
* \voffset=0.0pt
* \mag=1000
* \@twocolumnfalse
* \@twosidefalse
* \@mparswitchfalse
* \@reversemarginfalse
* (1in=72.27pt=25.4mm, 1cm=28.453pt)

LaTeX Info: Redefining \microtypecontext on input line 6.
Package microtype Info: Character protrusion enabled (level 2).
Package microtype Info: Using default protrusion set `alltext'.
Package microtype Info: No adjustment of tracking.
Package microtype Info: No adjustment of spacing.
Package microtype Info: No adjustment of kerning.
Package microtype Info: Loading generic protrusion settings for font family
(microtype)             `TheMixC5-4_SemiLight.otf' (encoding: TU).
(microtype)             For optimal results, create family-specific settings.
(microtype)             See the microtype manual for details.
Package caption Info: Begin \AtBeginDocument code.
Package caption Info: subfig package v1.3 is loaded.
Package caption Info: End \AtBeginDocument code.
\tof@tf=\read4
\Etoc@tf=\read5
\openout4 = `adamuv_zpevnik_tisk.mx1'.

File: obal/zpevnik_obal.png Graphic file (type bmp)
<obal/zpevnik_obal.png>

! Package tikz Error: A node must have a (possibly empty) label text.

See the tikz package documentation for explanation.
Type  H <return>  for immediate help.
 ...                                              
                                                  
l.9 ...height=\paperheight]{obal/zpevnik_obal.png}
                                                  
? 
(/opt/texlive/2019/texmf-dist/tex/generic/oberdiek/se-ascii-print.def
File: se-ascii-print.def 2016/05/16 v1.11 stringenc: Printable ASCII characters

) [1

]
[2]
\tf@toc=\write5
\openout5 = `adamuv_zpevnik_tisk.toc'.


Overfull \hbox (44.0pt too wide) in paragraph at lines 18--18
[] [][][]  

\hbox(7.4+0.08998)x170.55038 []


Overfull \hbox (44.0pt too wide) in paragraph at lines 18--18
[] [][][]  

\hbox(7.32+0.08998)x170.55038 []


Overfull \hbox (44.0pt too wide) in paragraph at lines 18--18
[] [][][]  

\hbox(7.32+1.46999)x170.55038 []


Overfull \hbox (44.0pt too wide) in paragraph at lines 18--18
[] [][][]  

\hbox(7.5+2.56999)x170.55038 []


Overfull \hbox (44.0pt too wide) in paragraph at lines 18--18
[] [][][]  

\hbox(7.32+2.55998)x170.55038 []


Overfull \hbox (44.0pt too wide) in paragraph at lines 18--18
[] [][][]  

\hbox(7.69+0.08998)x170.55038 []


Overfull \hbox (44.0pt too wide) in paragraph at lines 18--18
[] [][][]  

\hbox(7.35+2.56999)x170.55038 []


Overfull \hbox (44.0pt too wide) in paragraph at lines 18--18
[] [][][]  

\hbox(7.4+0.08998)x170.55038 []


Overfull \hbox (44.0pt too wide) in paragraph at lines 18--18
[] [][][]  

\hbox(7.69+2.56999)x170.55038 []


Overfull \hbox (44.0pt too wide) in paragraph at lines 18--18
[] [][][]  

\hbox(7.4+0.08998)x170.55038 []


Overfull \hbox (44.0pt too wide) in paragraph at lines 18--18
[] [][][]  

\hbox(7.47+2.56999)x170.55038 []


Overfull \hbox (44.0pt too wide) in paragraph at lines 18--18
[] [][][]  

\hbox(7.41+0.08998)x170.55038 []


Overfull \hbox (44.0pt too wide) in paragraph at lines 18--18
[] [][][]  

\hbox(6.83+0.08998)x170.55038 []


Overfull \hbox (44.0pt too wide) in paragraph at lines 18--18
[] [][][]  

\hbox(7.32+0.08998)x170.55038 []


Overfull \hbox (44.0pt too wide) in paragraph at lines 18--18
[] [][][]  

\hbox(7.47+2.56999)x170.55038 []


Overfull \hbox (44.0pt too wide) in paragraph at lines 18--18
[] [][][]  

\hbox(7.32+0.08998)x170.55038 []


Overfull \hbox (44.0pt too wide) in paragraph at lines 18--18
[] [][][]  

\hbox(7.4+2.48999)x170.55038 []


Overfull \hbox (44.0pt too wide) in paragraph at lines 18--18
[] [][][]  

\hbox(7.32+0.08998)x170.55038 []


Overfull \hbox (44.0pt too wide) in paragraph at lines 18--18
[] [][][]  

\hbox(7.5+0.08998)x170.55038 []


Overfull \hbox (44.0pt too wide) in paragraph at lines 18--18
[] [][][]  

\hbox(7.4+2.56999)x170.55038 []


Overfull \hbox (44.0pt too wide) in paragraph at lines 18--18
[] [][][]  

\hbox(6.84+0.08998)x170.55038 []


Overfull \hbox (44.0pt too wide) in paragraph at lines 18--18
[] [][][]  

\hbox(7.32+0.08998)x170.55038 []


Overfull \hbox (44.0pt too wide) in paragraph at lines 18--18
[] [][][]  

\hbox(7.4+2.55998)x170.55038 []


Overfull \hbox (44.0pt too wide) in paragraph at lines 18--18
[] [][][]  

\hbox(7.5+2.56999)x170.55038 []


Overfull \hbox (44.0pt too wide) in paragraph at lines 18--18
[] [][][]  

\hbox(7.32+2.56999)x170.55038 []


Overfull \hbox (44.0pt too wide) in paragraph at lines 18--18
[] [][][]  

\hbox(7.5+0.08998)x170.55038 []


Overfull \hbox (44.0pt too wide) in paragraph at lines 18--18
[] [][][]  

\hbox(7.5+0.08998)x170.55038 []


Overfull \hbox (44.0pt too wide) in paragraph at lines 18--18
[] [][][]  

\hbox(7.47+0.08998)x170.55038 []

[3] (./songs/andel.txt
Package microtype Info: Loading generic protrusion settings for font family
(microtype)             `SKAUT-Bold' (encoding: TU).
(microtype)             For optimal results, create family-specific settings.
(microtype)             See the microtype manual for details.
Package microtype Info: Character `~ (= ~)' is missing
(microtype)             in font `\TU/SKAUT-Bold(0)/m/n/14.4'.
(microtype)             Ignoring protrusion settings for this character.
Package microtype Info: Character `\guilsinglleft ' is missing
(microtype)             in font `\TU/SKAUT-Bold(0)/m/n/14.4'.
(microtype)             Ignoring protrusion settings for this character.
Package microtype Info: Character `\guilsinglright ' is missing
(microtype)             in font `\TU/SKAUT-Bold(0)/m/n/14.4'.
(microtype)             Ignoring protrusion settings for this character.
Package microtype Info: Character `\textbraceleft ' is missing
(microtype)             in font `\TU/SKAUT-Bold(0)/m/n/14.4'.
(microtype)             Ignoring protrusion settings for this character.
Package microtype Info: Character `\textbraceright ' is missing
(microtype)             in font `\TU/SKAUT-Bold(0)/m/n/14.4'.
(microtype)             Ignoring protrusion settings for this character.
Package microtype Info: Character `~ (= ~)' is missing
(microtype)             in font `\TU/SKAUT-Bold(0)/m/n/24.88'.
(microtype)             Ignoring protrusion settings for this character.
Package microtype Info: Character `\guilsinglleft ' is missing
(microtype)             in font `\TU/SKAUT-Bold(0)/m/n/24.88'.
(microtype)             Ignoring protrusion settings for this character.
Package microtype Info: Character `\guilsinglright ' is missing
(microtype)             in font `\TU/SKAUT-Bold(0)/m/n/24.88'.
(microtype)             Ignoring protrusion settings for this character.
Package microtype Info: Character `\textbraceleft ' is missing
(microtype)             in font `\TU/SKAUT-Bold(0)/m/n/24.88'.
(microtype)             Ignoring protrusion settings for this character.
Package microtype Info: Character `\textbraceright ' is missing
(microtype)             in font `\TU/SKAUT-Bold(0)/m/n/24.88'.
(microtype)             Ignoring protrusion settings for this character.


Package hyperref Warning: bookmark level for unknown song defaults to 0.


Package hyperref Warning: Token not allowed in a PDF string (Unicode):
(hyperref)                removing `\truncate' on input line 24.


Package hyperref Warning: Token not allowed in a PDF string (Unicode):
(hyperref)                removing `\textwidth' on input line 24.

LaTeX Font Info:    Calculating math sizes for size <14> on input line 24.
(/opt/texlive/2019/texmf-dist/tex/latex/microtype/mt-cmr.cfg
File: mt-cmr.cfg 2013/05/19 v2.2 microtype config. file: Computer Modern Roman 
(RS)
)
LaTeX Font Info:    External font `cmex10' loaded for size
(Font)              <14> on input line 24.
LaTeX Font Info:    External font `cmex10' loaded for size
(Font)              <9.79996> on input line 24.
LaTeX Font Info:    External font `cmex10' loaded for size
(Font)              <7> on input line 24.

Overfull \hbox (30.0pt too wide) in paragraph at lines 24--24
[]$[]$ 

\hbox(30.70308+23.50308)x361.10078 []

Package microtype Info: Loading generic protrusion settings for font family
(microtype)             `lmss' (encoding: TU).
(microtype)             For optimal results, create family-specific settings.
(microtype)             See the microtype manual for details.
[4

]) (./songs/batalion.txt

Package hyperref Warning: Token not allowed in a PDF string (Unicode):
(hyperref)                removing `\truncate' on input line 25.


Package hyperref Warning: Token not allowed in a PDF string (Unicode):
(hyperref)                removing `\textwidth' on input line 25.


Overfull \hbox (30.0pt too wide) in paragraph at lines 25--25
[]$[]$ 

\hbox(28.14595+20.94595)x361.10078 []

[5

]) (./songs/bon_soir_mademoiselle_paris.txt

Package hyperref Warning: Token not allowed in a PDF string (Unicode):
(hyperref)                removing `\truncate' on input line 17.


Package hyperref Warning: Token not allowed in a PDF string (Unicode):
(hyperref)                removing `\textwidth' on input line 17.


Overfull \hbox (30.0pt too wide) in paragraph at lines 17--17
[]$[]$ 

\hbox(41.71507+34.51508)x361.10078 []

LaTeX Font Info:    Try loading font information for OT1+TheMixC5-4_SemiLight.o
tf(0) on input line 17.
LaTeX Font Info:    No file OT1TheMixC5-4_SemiLight.otf(0).fd. on input line 17
.

LaTeX Font Warning: Font shape `OT1/TheMixC5-4_SemiLight.otf(0)/m/n' undefined
(Font)              using `OT1/cmr/m/n' instead
(Font)              for symbol `clqq' on input line 17.

Package microtype Info: Loading generic protrusion settings for font family
(microtype)             `TheMixC5-4_SemiLight.otf' (encoding: OT1).
(microtype)             For optimal results, create family-specific settings.
(microtype)             See the microtype manual for details.
[6

]) [7

] (./songs/dej_mi_vic_sve_lasky.txt

Package hyperref Warning: Token not allowed in a PDF string (Unicode):
(hyperref)                removing `\truncate' on input line 28.


Package hyperref Warning: Token not allowed in a PDF string (Unicode):
(hyperref)                removing `\textwidth' on input line 28.


Overfull \hbox (30.0pt too wide) in paragraph at lines 28--28
[]$[]$ 

\hbox(30.70308+23.50308)x361.10078 []

[8] [9]) (./songs/hallelujah.txt

Package hyperref Warning: Token not allowed in a PDF string (Unicode):
(hyperref)                removing `\truncate' on input line 45.


Package hyperref Warning: Token not allowed in a PDF string (Unicode):
(hyperref)                removing `\textwidth' on input line 45.


Overfull \hbox (30.0pt too wide) in paragraph at lines 45--45
[]$[]$ 

\hbox(28.09067+20.89069)x361.10078 []

[10

] [11]) (./songs/holubi_dum.txt

Package hyperref Warning: Token not allowed in a PDF string (Unicode):
(hyperref)                removing `\truncate' on input line 32.


Package hyperref Warning: Token not allowed in a PDF string (Unicode):
(hyperref)                removing `\textwidth' on input line 32.


Overfull \hbox (30.0pt too wide) in paragraph at lines 32--32
[]$[]$ 

\hbox(31.18823+23.98824)x361.10078 []

[12

] [13]) (./songs/house_of_the_rising_sun.txt

Package hyperref Warning: Token not allowed in a PDF string (Unicode):
(hyperref)                removing `\truncate' on input line 29.


Package hyperref Warning: Token not allowed in a PDF string (Unicode):
(hyperref)                removing `\textwidth' on input line 29.


Overfull \hbox (30.0pt too wide) in paragraph at lines 29--29
[]$[]$ 

\hbox(26.01015+18.81017)x361.10078 []

[14

]) (./songs/hrobar.txt

Package hyperref Warning: Token not allowed in a PDF string (Unicode):
(hyperref)                removing `\truncate' on input line 32.


Package hyperref Warning: Token not allowed in a PDF string (Unicode):
(hyperref)                removing `\textwidth' on input line 32.


Overfull \hbox (30.0pt too wide) in paragraph at lines 32--32
[]$[]$ 

\hbox(28.56035+21.36037)x361.10078 []

[15

]) (./songs/jdem_zpatky_do_lesu.txt

Package hyperref Warning: Token not allowed in a PDF string (Unicode):
(hyperref)                removing `\truncate' on input line 25.


Package hyperref Warning: Token not allowed in a PDF string (Unicode):
(hyperref)                removing `\textwidth' on input line 25.


Overfull \hbox (30.0pt too wide) in paragraph at lines 25--25
[]$[]$ 

\hbox(29.95386+22.75388)x361.10078 []

[16

]) [17

] (./songs/jozin_z_bazin.txt

Package hyperref Warning: Token not allowed in a PDF string (Unicode):
(hyperref)                removing `\truncate' on input line 35.


Package hyperref Warning: Token not allowed in a PDF string (Unicode):
(hyperref)                removing `\textwidth' on input line 35.


Overfull \hbox (30.0pt too wide) in paragraph at lines 35--35
[]$[]$ 

\hbox(28.56035+21.36037)x361.10078 []

[18] [19]) (./songs/kdyz_me_brali_za_vojaka.txt

Package hyperref Warning: Token not allowed in a PDF string (Unicode):
(hyperref)                removing `\truncate' on input line 32.


Package hyperref Warning: Token not allowed in a PDF string (Unicode):
(hyperref)                removing `\textwidth' on input line 32.


Overfull \hbox (30.0pt too wide) in paragraph at lines 32--32
[]$[]$ 

\hbox(28.56035+21.36037)x361.10078 []


! Package microtype Error: Letterspacing currently doesn't work with xetex.

See the microtype package documentation for explanation.
Type  H <return>  for immediate help.
 ...                                              
                                                  
l.32 }
      
? 
[20

]) (./songs/knockin_on_heavens_door.txt

Package hyperref Warning: Token not allowed in a PDF string (Unicode):
(hyperref)                removing `\truncate' on input line 18.


Package hyperref Warning: Token not allowed in a PDF string (Unicode):
(hyperref)                removing `\textwidth' on input line 18.


Overfull \hbox (30.0pt too wide) in paragraph at lines 18--18
[]$[]$ 

\hbox(42.77248+35.57248)x361.10078 []

[21

]) (./songs/kometa.txt

Package hyperref Warning: Token not allowed in a PDF string (Unicode):
(hyperref)                removing `\truncate' on input line 44.


Package hyperref Warning: Token not allowed in a PDF string (Unicode):
(hyperref)                removing `\textwidth' on input line 44.


Overfull \hbox (30.0pt too wide) in paragraph at lines 44--44
[]$[]$ 

\hbox(26.01015+18.81017)x361.10078 []

[22

] [23]) (./songs/kozel.txt

Package hyperref Warning: Token not allowed in a PDF string (Unicode):
(hyperref)                removing `\truncate' on input line 20.


Package hyperref Warning: Token not allowed in a PDF string (Unicode):
(hyperref)                removing `\textwidth' on input line 20.


Overfull \hbox (30.0pt too wide) in paragraph at lines 20--20
[]$[]$ 

\hbox(26.01015+18.81017)x361.10078 []

[24

]) [25

] (./songs/kralovna_z_dundrum_bay.txt

Package hyperref Warning: Token not allowed in a PDF string (Unicode):
(hyperref)                removing `\truncate' on input line 32.


Package hyperref Warning: Token not allowed in a PDF string (Unicode):
(hyperref)                removing `\textwidth' on input line 32.


Overfull \hbox (30.0pt too wide) in paragraph at lines 32--32
[]$[]$ 

\hbox(42.06035+34.86037)x361.10078 []

[26] [27]) (./songs/mezi_horami.txt

Package hyperref Warning: Token not allowed in a PDF string (Unicode):
(hyperref)                removing `\truncate' on input line 19.


Package hyperref Warning: Token not allowed in a PDF string (Unicode):
(hyperref)                removing `\textwidth' on input line 19.


Overfull \hbox (30.0pt too wide) in paragraph at lines 19--19
[]$[]$ 

\hbox(26.9185+19.71852)x361.10078 []

LaTeX Font Info:    Font shape `TU/TheMixC5-4_SemiLight.otf(0)/m/sl' in size <1
4> not available
(Font)              Font shape `TU/TheMixC5-4_SemiLight.otf(0)/m/it' tried inst
ead on input line 19.
[28

]) (./songs/misko_raper.txt

Package hyperref Warning: Token not allowed in a PDF string (Unicode):
(hyperref)                removing `\truncate' on input line 14.


Package hyperref Warning: Token not allowed in a PDF string (Unicode):
(hyperref)                removing `\textwidth' on input line 14.


Overfull \hbox (30.0pt too wide) in paragraph at lines 14--14
[]$[]$ 

\hbox(30.66103+23.46104)x361.10078 []

[29

]) (./songs/na_kolena.txt

Package hyperref Warning: Token not allowed in a PDF string (Unicode):
(hyperref)                removing `\truncate' on input line 25.


Package hyperref Warning: Token not allowed in a PDF string (Unicode):
(hyperref)                removing `\textwidth' on input line 25.


Overfull \hbox (30.0pt too wide) in paragraph at lines 25--25
[]$[]$ 

\hbox(26.01015+18.81017)x361.10078 []

[30

] [31]) (./songs/nad_stadem_koni.txt

Package hyperref Warning: Token not allowed in a PDF string (Unicode):
(hyperref)                removing `\truncate' on input line 22.


Package hyperref Warning: Token not allowed in a PDF string (Unicode):
(hyperref)                removing `\textwidth' on input line 22.


Overfull \hbox (30.0pt too wide) in paragraph at lines 22--22
[]$[]$ 

\hbox(30.70308+23.50308)x361.10078 []

[32

]) (./songs/nagasaki_hirosima.txt

Package hyperref Warning: Token not allowed in a PDF string (Unicode):
(hyperref)                removing `\truncate' on input line 24.


Package hyperref Warning: Token not allowed in a PDF string (Unicode):
(hyperref)                removing `\textwidth' on input line 24.


Overfull \hbox (30.0pt too wide) in paragraph at lines 24--24
[]$[]$ 

\hbox(30.12515+22.92516)x361.10078 []

[33

]) (./songs/ostravo.txt

Package hyperref Warning: Token not allowed in a PDF string (Unicode):
(hyperref)                removing `\truncate' on input line 36.


Package hyperref Warning: Token not allowed in a PDF string (Unicode):
(hyperref)                removing `\textwidth' on input line 36.


Overfull \hbox (30.0pt too wide) in paragraph at lines 36--36
[]$[]$ 

\hbox(26.07234+18.87236)x361.10078 []

[34

]) [35

] (./songs/pohoda.txt

Package hyperref Warning: Token not allowed in a PDF string (Unicode):
(hyperref)                removing `\truncate' on input line 40.


Package hyperref Warning: Token not allowed in a PDF string (Unicode):
(hyperref)                removing `\textwidth' on input line 40.


Overfull \hbox (30.0pt too wide) in paragraph at lines 40--40
[]$[]$ 

\hbox(26.01015+18.81017)x361.10078 []

LaTeX Font Info:    External font `cmex10' loaded for size
(Font)              <14.4> on input line 40.
[36] [37]) (./songs/poveste_ho_vejs.txt

Package hyperref Warning: Token not allowed in a PDF string (Unicode):
(hyperref)                removing `\truncate' on input line 52.


Package hyperref Warning: Token not allowed in a PDF string (Unicode):
(hyperref)                removing `\textwidth' on input line 52.


Overfull \hbox (30.0pt too wide) in paragraph at lines 52--52
[]$[]$ 

\hbox(30.70308+23.50308)x361.10078 []

[38

] [39]) (./songs/rytir.txt

Package hyperref Warning: Token not allowed in a PDF string (Unicode):
(hyperref)                removing `\truncate' on input line 76.


Package hyperref Warning: Token not allowed in a PDF string (Unicode):
(hyperref)                removing `\textwidth' on input line 76.


Overfull \hbox (30.0pt too wide) in paragraph at lines 76--76
[]$[]$ 

\hbox(28.56035+21.36037)x361.10078 []

[40

] [41]) (./songs/sally_gray.txt

Package hyperref Warning: Token not allowed in a PDF string (Unicode):
(hyperref)                removing `\truncate' on input line 60.


Package hyperref Warning: Token not allowed in a PDF string (Unicode):
(hyperref)                removing `\textwidth' on input line 60.


Overfull \hbox (30.0pt too wide) in paragraph at lines 60--60
[]$[]$ 

\hbox(26.07234+18.87236)x361.10078 []

[42

]) (./songs/severni_vitr.txt

Package hyperref Warning: Token not allowed in a PDF string (Unicode):
(hyperref)                removing `\truncate' on input line 26.


Package hyperref Warning: Token not allowed in a PDF string (Unicode):
(hyperref)                removing `\textwidth' on input line 26.


Overfull \hbox (30.0pt too wide) in paragraph at lines 26--26
[]$[]$ 

\hbox(29.87363+22.67365)x361.10078 []

[43

]) (./songs/tri_krize.txt

Package hyperref Warning: Token not allowed in a PDF string (Unicode):
(hyperref)                removing `\truncate' on input line 37.


Package hyperref Warning: Token not allowed in a PDF string (Unicode):
(hyperref)                removing `\textwidth' on input line 37.


Overfull \hbox (30.0pt too wide) in paragraph at lines 37--37
[]$[]$ 

\hbox(30.63396+23.43396)x361.10078 []

[44

]

LaTeX Font Warning: Font shape `OT1/TheMixC5-4_SemiLight.otf(0)/m/it' undefined

(Font)              using `OT1/TheMixC5-4_SemiLight.otf(0)/m/n' instead
(Font)              for symbol `clqq' on input line 37.

[45]) (./songs/zafukane.txt

Package hyperref Warning: Token not allowed in a PDF string (Unicode):
(hyperref)                removing `\truncate' on input line 24.


Package hyperref Warning: Token not allowed in a PDF string (Unicode):
(hyperref)                removing `\textwidth' on input line 24.


Overfull \hbox (30.0pt too wide) in paragraph at lines 24--24
[]$[]$ 

\hbox(28.56035+21.36037)x361.10078 []

[46

]) [47

]
Overfull \hbox (6.7917pt too wide) in paragraph at lines 70--71
[][] 

\hbox(21.35979+14.15979)x361.10078 []

[48]
Package atveryend Info: Empty hook `BeforeClearDocument' on input line 78.
Package atveryend Info: Executing hook `AfterLastShipout' on input line 78.
 (./adamuv_zpevnik_tisk.aux)
Package atveryend Info: Empty hook `AtVeryEndDocument' on input line 78.
Package atveryend Info: Empty hook `AtEndAfterFileList' on input line 78.


LaTeX Font Warning: Some font shapes were not available, defaults substituted.

Package atveryend Info: Empty hook `AtVeryVeryEnd' on input line 78.
 ) 
Here is how much of TeX's memory you used:
 38536 strings out of 494419
 735139 string characters out of 6166495
 862009 words of memory out of 5000000
 41846 multiletter control sequences out of 15000+600000
 605835 words of font info for 198 fonts, out of 8000000 for 9000
 319 hyphenation exceptions out of 8191
 61i,6n,69p,945b,617s stack positions out of 5000i,500n,10000p,200000b,80000s

Output written on adamuv_zpevnik_tisk.pdf (48 pages).
